Configuring hxt-9.3.1.15...
Building hxt-9.3.1.15...
Preprocessing library hxt-9.3.1.15...
[ 1 of 82] Compiling Text.XML.HXT.Parser.XmlCharParser ( src\Text\XML\HXT\Parser\XmlCharParser.hs, .stack-work\dist\95439361\build\Text\XML\HXT\Parser\XmlCharParser.o )
[ 2 of 82] Compiling Text.XML.HXT.DTDValidation.RE ( src\Text\XML\HXT\DTDValidation\RE.hs, .stack-work\dist\95439361\build\Text\XML\HXT\DTDValidation\RE.o )
[ 3 of 82] Compiling Text.XML.HXT.DOM.MimeTypeDefaults ( src\Text\XML\HXT\DOM\MimeTypeDefaults.hs, .stack-work\dist\95439361\build\Text\XML\HXT\DOM\MimeTypeDefaults.o )
[ 4 of 82] Compiling Text.XML.HXT.DOM.MimeTypes ( src\Text\XML\HXT\DOM\MimeTypes.hs, .stack-work\dist\95439361\build\Text\XML\HXT\DOM\MimeTypes.o )
[ 5 of 82] Compiling Text.XML.HXT.DOM.Util ( src\Text\XML\HXT\DOM\Util.hs, .stack-work\dist\95439361\build\Text\XML\HXT\DOM\Util.o )
[ 6 of 82] Compiling Text.XML.HXT.DOM.XmlKeywords ( src\Text\XML\HXT\DOM\XmlKeywords.hs, .stack-work\dist\95439361\build\Text\XML\HXT\DOM\XmlKeywords.o )
[ 7 of 82] Compiling Text.XML.HXT.Parser.ProtocolHandlerUtil ( src\Text\XML\HXT\Parser\ProtocolHandlerUtil.hs, .stack-work\dist\95439361\build\Text\XML\HXT\Parser\ProtocolHandlerUtil.o )
[ 8 of 82] Compiling Text.XML.HXT.Version ( src\Text\XML\HXT\Version.hs, .stack-work\dist\95439361\build\Text\XML\HXT\Version.o )
[ 9 of 82] Compiling Text.XML.HXT.XMLSchema.DataTypeLibW3CNames ( src\Text\XML\HXT\XMLSchema\DataTypeLibW3CNames.hs, .stack-work\dist\95439361\build\Text\XML\HXT\XMLSchema\DataTypeLibW3CNames.o )
[10 of 82] Compiling Text.XML.HXT.Parser.XmlEntities ( src\Text\XML\HXT\Parser\XmlEntities.hs, .stack-work\dist\95439361\build\Text\XML\HXT\Parser\XmlEntities.o )
[11 of 82] Compiling Text.XML.HXT.Parser.XhtmlEntities ( src\Text\XML\HXT\Parser\XhtmlEntities.hs, .stack-work\dist\95439361\build\Text\XML\HXT\Parser\XhtmlEntities.o )
[12 of 82] Compiling Text.XML.HXT.IO.GetFILE ( src\Text\XML\HXT\IO\GetFILE.hs, .stack-work\dist\95439361\build\Text\XML\HXT\IO\GetFILE.o )
[13 of 82] Compiling Data.Function.Selector ( src\Data\Function\Selector.hs, .stack-work\dist\95439361\build\Data\Function\Selector.o )
[14 of 82] Compiling Data.Atom        ( src\Data\Atom.hs, .stack-work\dist\95439361\build\Data\Atom.o )
[15 of 82] Compiling Data.AssocList   ( src\Data\AssocList.hs, .stack-work\dist\95439361\build\Data\AssocList.o )
[16 of 82] Compiling Data.Tree.Class  ( src\Data\Tree\Class.hs, .stack-work\dist\95439361\build\Data\Tree\Class.o )
[17 of 82] Compiling Control.Arrow.ArrowState ( src\Control\Arrow\ArrowState.hs, .stack-work\dist\95439361\build\Control\Arrow\ArrowState.o )
[18 of 82] Compiling Data.Tree.NavigatableTree.Class ( src\Data\Tree\NavigatableTree\Class.hs, .stack-work\dist\95439361\build\Data\Tree\NavigatableTree\Class.o )
[19 of 82] Compiling Data.Tree.NavigatableTree.XPathAxis ( src\Data\Tree\NavigatableTree\XPathAxis.hs, .stack-work\dist\95439361\build\Data\Tree\NavigatableTree\XPathAxis.o )
[20 of 82] Compiling Control.FlatSeq  ( src\Control\FlatSeq.hs, .stack-work\dist\95439361\build\Control\FlatSeq.o )
[21 of 82] Compiling Data.Tree.NTree.TypeDefs ( src\Data\Tree\NTree\TypeDefs.hs, .stack-work\dist\95439361\build\Data\Tree\NTree\TypeDefs.o )

src\Data\Tree\NTree\TypeDefs.hs:26:1: Warning:
    The import of `Control.Applicative' is redundant
      except perhaps to import instances from `Control.Applicative'
    To import instances alone, use: import Control.Applicative()
[22 of 82] Compiling Data.Tree.NTree.Edit ( src\Data\Tree\NTree\Edit.hs, .stack-work\dist\95439361\build\Data\Tree\NTree\Edit.o )
[23 of 82] Compiling Data.Tree.NTree.Zipper.TypeDefs ( src\Data\Tree\NTree\Zipper\TypeDefs.hs, .stack-work\dist\95439361\build\Data\Tree\NTree\Zipper\TypeDefs.o )
[24 of 82] Compiling Text.XML.HXT.DOM.QualifiedName ( src\Text\XML\HXT\DOM\QualifiedName.hs, .stack-work\dist\95439361\build\Text\XML\HXT\DOM\QualifiedName.o )
[25 of 82] Compiling Text.XML.HXT.DOM.TypeDefs ( src\Text\XML\HXT\DOM\TypeDefs.hs, .stack-work\dist\95439361\build\Text\XML\HXT\DOM\TypeDefs.o )
[26 of 82] Compiling Text.XML.HXT.DOM.Interface ( src\Text\XML\HXT\DOM\Interface.hs, .stack-work\dist\95439361\build\Text\XML\HXT\DOM\Interface.o )
[27 of 82] Compiling Text.XML.HXT.DOM.XmlNode ( src\Text\XML\HXT\DOM\XmlNode.hs, .stack-work\dist\95439361\build\Text\XML\HXT\DOM\XmlNode.o )
[28 of 82] Compiling Text.XML.HXT.Parser.XmlTokenParser ( src\Text\XML\HXT\Parser\XmlTokenParser.hs, .stack-work\dist\95439361\build\Text\XML\HXT\Parser\XmlTokenParser.o )

src\Text\XML\HXT\Parser\XmlTokenParser.hs:86:1: Warning:
    The import of `Control.Applicative' is redundant
      except perhaps to import instances from `Control.Applicative'
    To import instances alone, use: import Control.Applicative()
[29 of 82] Compiling Text.XML.HXT.Parser.XmlDTDTokenParser ( src\Text\XML\HXT\Parser\XmlDTDTokenParser.hs, .stack-work\dist\95439361\build\Text\XML\HXT\Parser\XmlDTDTokenParser.o )
[30 of 82] Compiling Text.XML.HXT.DOM.ShowXml ( src\Text\XML\HXT\DOM\ShowXml.hs, .stack-work\dist\95439361\build\Text\XML\HXT\DOM\ShowXml.o )
[31 of 82] Compiling Text.XML.HXT.DOM.FormatXmlTree ( src\Text\XML\HXT\DOM\FormatXmlTree.hs, .stack-work\dist\95439361\build\Text\XML\HXT\DOM\FormatXmlTree.o )
[32 of 82] Compiling Text.XML.HXT.Parser.XmlParsec ( src\Text\XML\HXT\Parser\XmlParsec.hs, .stack-work\dist\95439361\build\Text\XML\HXT\Parser\XmlParsec.o )

src\Text\XML\HXT\Parser\XmlParsec.hs:61:1: Warning:
    The import of `Control.Applicative' is redundant
      except perhaps to import instances from `Control.Applicative'
    To import instances alone, use: import Control.Applicative()
[33 of 82] Compiling Text.XML.HXT.Parser.HtmlParsec ( src\Text\XML\HXT\Parser\HtmlParsec.hs, .stack-work\dist\95439361\build\Text\XML\HXT\Parser\HtmlParsec.o )

src\Text\XML\HXT\Parser\HtmlParsec.hs:36:1: Warning:
    The import of `Control.Applicative' is redundant
      except perhaps to import instances from `Control.Applicative'
    To import instances alone, use: import Control.Applicative()
[34 of 82] Compiling Text.XML.HXT.Parser.XmlDTDParser ( src\Text\XML\HXT\Parser\XmlDTDParser.hs, .stack-work\dist\95439361\build\Text\XML\HXT\Parser\XmlDTDParser.o )
[35 of 82] Compiling Text.XML.HXT.Arrow.Pickle.Schema ( src\Text\XML\HXT\Arrow\Pickle\Schema.hs, .stack-work\dist\95439361\build\Text\XML\HXT\Arrow\Pickle\Schema.o )
[36 of 82] Compiling Text.XML.HXT.Arrow.Pickle.DTD ( src\Text\XML\HXT\Arrow\Pickle\DTD.hs, .stack-work\dist\95439361\build\Text\XML\HXT\Arrow\Pickle\DTD.o )
[37 of 82] Compiling Control.Arrow.ArrowList ( src\Control\Arrow\ArrowList.hs, .stack-work\dist\95439361\build\Control\Arrow\ArrowList.o )
[38 of 82] Compiling Control.Arrow.ArrowNF ( src\Control\Arrow\ArrowNF.hs, .stack-work\dist\95439361\build\Control\Arrow\ArrowNF.o )
[39 of 82] Compiling Control.Arrow.ArrowIf ( src\Control\Arrow\ArrowIf.hs, .stack-work\dist\95439361\build\Control\Arrow\ArrowIf.o )
[40 of 82] Compiling Control.Arrow.ArrowNavigatableTree ( src\Control\Arrow\ArrowNavigatableTree.hs, .stack-work\dist\95439361\build\Control\Arrow\ArrowNavigatableTree.o )
[41 of 82] Compiling Control.Arrow.ArrowTree ( src\Control\Arrow\ArrowTree.hs, .stack-work\dist\95439361\build\Control\Arrow\ArrowTree.o )
[42 of 82] Compiling Control.Arrow.ListArrow ( src\Control\Arrow\ListArrow.hs, .stack-work\dist\95439361\build\Control\Arrow\ListArrow.o )
[43 of 82] Compiling Control.Arrow.StateListArrow ( src\Control\Arrow\StateListArrow.hs, .stack-work\dist\95439361\build\Control\Arrow\StateListArrow.o )
[44 of 82] Compiling Control.Arrow.NTreeEdit ( src\Control\Arrow\NTreeEdit.hs, .stack-work\dist\95439361\build\Control\Arrow\NTreeEdit.o )
[45 of 82] Compiling Control.Arrow.ArrowIO ( src\Control\Arrow\ArrowIO.hs, .stack-work\dist\95439361\build\Control\Arrow\ArrowIO.o )
[46 of 82] Compiling Control.Arrow.ArrowExc ( src\Control\Arrow\ArrowExc.hs, .stack-work\dist\95439361\build\Control\Arrow\ArrowExc.o )
[47 of 82] Compiling Control.Arrow.IOListArrow ( src\Control\Arrow\IOListArrow.hs, .stack-work\dist\95439361\build\Control\Arrow\IOListArrow.o )
[48 of 82] Compiling Control.Arrow.IOStateListArrow ( src\Control\Arrow\IOStateListArrow.hs, .stack-work\dist\95439361\build\Control\Arrow\IOStateListArrow.o )
[49 of 82] Compiling Text.XML.HXT.Arrow.XmlState.TypeDefs ( src\Text\XML\HXT\Arrow\XmlState\TypeDefs.hs, .stack-work\dist\95439361\build\Text\XML\HXT\Arrow\XmlState\TypeDefs.o )
[50 of 82] Compiling Text.XML.HXT.Arrow.XmlState.MimeTypeTable ( src\Text\XML\HXT\Arrow\XmlState\MimeTypeTable.hs, .stack-work\dist\95439361\build\Text\XML\HXT\Arrow\XmlState\MimeTypeTable.o )
[51 of 82] Compiling Text.XML.HXT.Arrow.XmlArrow ( src\Text\XML\HXT\Arrow\XmlArrow.hs, .stack-work\dist\95439361\build\Text\XML\HXT\Arrow\XmlArrow.o )
[52 of 82] Compiling Text.XML.HXT.Arrow.XmlState.ErrorHandling ( src\Text\XML\HXT\Arrow\XmlState\ErrorHandling.hs, .stack-work\dist\95439361\build\Text\XML\HXT\Arrow\XmlState\ErrorHandling.o )
[53 of 82] Compiling Text.XML.HXT.Arrow.XmlState.SystemConfig ( src\Text\XML\HXT\Arrow\XmlState\SystemConfig.hs, .stack-work\dist\95439361\build\Text\XML\HXT\Arrow\XmlState\SystemConfig.o )
[54 of 82] Compiling Text.XML.HXT.Arrow.XmlOptions ( src\Text\XML\HXT\Arrow\XmlOptions.hs, .stack-work\dist\95439361\build\Text\XML\HXT\Arrow\XmlOptions.o )
[55 of 82] Compiling Text.XML.HXT.Arrow.ParserInterface ( src\Text\XML\HXT\Arrow\ParserInterface.hs, .stack-work\dist\95439361\build\Text\XML\HXT\Arrow\ParserInterface.o )
[56 of 82] Compiling Text.XML.HXT.Arrow.Edit ( src\Text\XML\HXT\Arrow\Edit.hs, .stack-work\dist\95439361\build\Text\XML\HXT\Arrow\Edit.o )
[57 of 82] Compiling Text.XML.HXT.Arrow.Namespace ( src\Text\XML\HXT\Arrow\Namespace.hs, .stack-work\dist\95439361\build\Text\XML\HXT\Arrow\Namespace.o )
[58 of 82] Compiling Text.XML.HXT.Arrow.XmlState.TraceHandling ( src\Text\XML\HXT\Arrow\XmlState\TraceHandling.hs, .stack-work\dist\95439361\build\Text\XML\HXT\Arrow\XmlState\TraceHandling.o )
[59 of 82] Compiling Text.XML.HXT.Arrow.XmlState.URIHandling ( src\Text\XML\HXT\Arrow\XmlState\URIHandling.hs, .stack-work\dist\95439361\build\Text\XML\HXT\Arrow\XmlState\URIHandling.o )
[60 of 82] Compiling Text.XML.HXT.DTDValidation.TypeDefs ( src\Text\XML\HXT\DTDValidation\TypeDefs.hs, .stack-work\dist\95439361\build\Text\XML\HXT\DTDValidation\TypeDefs.o )
[61 of 82] Compiling Text.XML.HXT.DTDValidation.AttributeValueValidation ( src\Text\XML\HXT\DTDValidation\AttributeValueValidation.hs, .stack-work\dist\95439361\build\Text\XML\HXT\DTDValidation\AttributeValueValidation.o )
[62 of 82] Compiling Text.XML.HXT.DTDValidation.DTDValidation ( src\Text\XML\HXT\DTDValidation\DTDValidation.hs, .stack-work\dist\95439361\build\Text\XML\HXT\DTDValidation\DTDValidation.o )
[63 of 82] Compiling Text.XML.HXT.DTDValidation.DocTransformation ( src\Text\XML\HXT\DTDValidation\DocTransformation.hs, .stack-work\dist\95439361\build\Text\XML\HXT\DTDValidation\DocTransformation.o )
[64 of 82] Compiling Text.XML.HXT.DTDValidation.XmlRE ( src\Text\XML\HXT\DTDValidation\XmlRE.hs, .stack-work\dist\95439361\build\Text\XML\HXT\DTDValidation\XmlRE.o )
[65 of 82] Compiling Text.XML.HXT.DTDValidation.DocValidation ( src\Text\XML\HXT\DTDValidation\DocValidation.hs, .stack-work\dist\95439361\build\Text\XML\HXT\DTDValidation\DocValidation.o )
[66 of 82] Compiling Text.XML.HXT.DTDValidation.IdValidation ( src\Text\XML\HXT\DTDValidation\IdValidation.hs, .stack-work\dist\95439361\build\Text\XML\HXT\DTDValidation\IdValidation.o )
[67 of 82] Compiling Text.XML.HXT.DTDValidation.Validation ( src\Text\XML\HXT\DTDValidation\Validation.hs, .stack-work\dist\95439361\build\Text\XML\HXT\DTDValidation\Validation.o )
[68 of 82] Compiling Text.XML.HXT.Arrow.XmlState.RunIOStateArrow ( src\Text\XML\HXT\Arrow\XmlState\RunIOStateArrow.hs, .stack-work\dist\95439361\build\Text\XML\HXT\Arrow\XmlState\RunIOStateArrow.o )
[69 of 82] Compiling Text.XML.HXT.Arrow.XmlState ( src\Text\XML\HXT\Arrow\XmlState.hs, .stack-work\dist\95439361\build\Text\XML\HXT\Arrow\XmlState.o )
[70 of 82] Compiling Text.XML.HXT.Arrow.DocumentInput ( src\Text\XML\HXT\Arrow\DocumentInput.hs, .stack-work\dist\95439361\build\Text\XML\HXT\Arrow\DocumentInput.o )
[71 of 82] Compiling Text.XML.HXT.Arrow.DTDProcessing ( src\Text\XML\HXT\Arrow\DTDProcessing.hs, .stack-work\dist\95439361\build\Text\XML\HXT\Arrow\DTDProcessing.o )
[72 of 82] Compiling Text.XML.HXT.Arrow.GeneralEntitySubstitution ( src\Text\XML\HXT\Arrow\GeneralEntitySubstitution.hs, .stack-work\dist\95439361\build\Text\XML\HXT\Arrow\GeneralEntitySubstitution.o )
[73 of 82] Compiling Text.XML.HXT.Arrow.ProcessDocument ( src\Text\XML\HXT\Arrow\ProcessDocument.hs, .stack-work\dist\95439361\build\Text\XML\HXT\Arrow\ProcessDocument.o )
[74 of 82] Compiling Control.Arrow.ListArrows ( src\Control\Arrow\ListArrows.hs, .stack-work\dist\95439361\build\Control\Arrow\ListArrows.o )
[75 of 82] Compiling Text.XML.HXT.Arrow.ReadDocument ( src\Text\XML\HXT\Arrow\ReadDocument.hs, .stack-work\dist\95439361\build\Text\XML\HXT\Arrow\ReadDocument.o )
[76 of 82] Compiling Text.XML.HXT.Arrow.XmlRegex ( src\Text\XML\HXT\Arrow\XmlRegex.hs, .stack-work\dist\95439361\build\Text\XML\HXT\Arrow\XmlRegex.o )
[77 of 82] Compiling Text.XML.HXT.Arrow.Binary ( src\Text\XML\HXT\Arrow\Binary.hs, .stack-work\dist\95439361\build\Text\XML\HXT\Arrow\Binary.o )
[78 of 82] Compiling Text.XML.HXT.Arrow.DocumentOutput ( src\Text\XML\HXT\Arrow\DocumentOutput.hs, .stack-work\dist\95439361\build\Text\XML\HXT\Arrow\DocumentOutput.o )
[79 of 82] Compiling Text.XML.HXT.Arrow.WriteDocument ( src\Text\XML\HXT\Arrow\WriteDocument.hs, .stack-work\dist\95439361\build\Text\XML\HXT\Arrow\WriteDocument.o )
[80 of 82] Compiling Text.XML.HXT.Arrow.Pickle.Xml ( src\Text\XML\HXT\Arrow\Pickle\Xml.hs, .stack-work\dist\95439361\build\Text\XML\HXT\Arrow\Pickle\Xml.o )
[81 of 82] Compiling Text.XML.HXT.Arrow.Pickle ( src\Text\XML\HXT\Arrow\Pickle.hs, .stack-work\dist\95439361\build\Text\XML\HXT\Arrow\Pickle.o )
[82 of 82] Compiling Text.XML.HXT.Core ( src\Text\XML\HXT\Core.hs, .stack-work\dist\95439361\build\Text\XML\HXT\Core.o )
In-place registering hxt-9.3.1.15...
Installing library in
C:\Users\testuserignore\AppData\Roaming\stack\snapshots\83d27abd\lib\i386-windows-ghc-7.10.3\hxt-9.3.1.15-3v5xgVD5i2c2KsUFfV4TlV
Registering hxt-9.3.1.15...
